Using pre-set license

 COMMAND LINE ARGUMENTS:
/Applications/Unity/Unity.app/Contents/MacOS/Unity
-adb2
-batchMode
-noUpm
-name
AssetImportWorker0
-projectPath
/Users/TairaRyuga/Documents/Fork/OO-exercise/OO-exercise
-logFile
Logs/AssetImportWorker0.log
-srvPort
52726
Successfully changed project path to: /Users/TairaRyuga/Documents/Fork/OO-exercise/OO-exercise
/Users/TairaRyuga/Documents/Fork/OO-exercise/OO-exercise
Using Asset Import Pipeline V2.
Refreshing native plugins compatible for Editor in 23.78 ms, found 1 plugins.
Preloading 0 native plugins for Editor in 0.00 ms.
Initialize engine version: 2020.3.5f1 (8095aa901b9b)
[Subsystems] Discovering subsystems at path /Applications/Unity/Unity.app/Contents/Resources/UnitySubsystems
[Subsystems] Discovering subsystems at path /Users/TairaRyuga/Documents/Fork/OO-exercise/OO-exercise/Assets
GfxDevice: creating device client; threaded=0
2021-09-23 14:18:20.262 Unity[7530:130976] (null) preferred device: Apple M1 (high power)
2021-09-23 14:18:20.263 Unity[7530:130976] Metal devices available: 1
2021-09-23 14:18:20.263 Unity[7530:130976] 0: Apple M1 (high power)
2021-09-23 14:18:20.263 Unity[7530:130976] Using device Apple M1 (high power)
Initializing Metal device caps: Apple M1
Initialize mono
Mono path[0] = '/Applications/Unity/Unity.app/Contents/Managed'
Mono path[1] = '/Applications/Unity/Unity.app/Contents/MonoBleedingEdge/lib/mono/unityjit'
Mono config path = '/Applications/Unity/Unity.app/Contents/MonoBleedingEdge/etc'
Using monoOptions --debugger-agent=transport=dt_socket,embedding=1,server=y,suspend=n,address=127.0.0.1:56530
Begin MonoManager ReloadAssembly
Registering precompiled unity dll's ...
Register platform support module: /Applications/Unity/Unity.app/Contents/PlaybackEngines/MacStandaloneSupport/UnityEditor.OSXStandalone.Extensions.dll
Registered in 0.000386 seconds.
Native extension for OSXStandalone target not found
Refreshing native plugins compatible for Editor in 24.80 ms, found 1 plugins.
Preloading 0 native plugins for Editor in 0.00 ms.
Mono: successfully reloaded assembly
- Completed reload, in  1.755 seconds
Platform modules already initialized, skipping
Registering precompiled user dll's ...
Registered in 0.000427 seconds.
Begin MonoManager ReloadAssembly
Native extension for OSXStandalone target not found
Refreshing native plugins compatible for Editor in 0.21 ms, found 1 plugins.
Preloading 0 native plugins for Editor in 0.00 ms.
Mono: successfully reloaded assembly
- Completed reload, in  1.601 seconds
Platform modules already initialized, skipping
========================================================================
Worker process is ready to serve import requests
Launching external process: /Applications/Unity/Unity.app/Contents/Tools/UnityShaderCompiler
Launched and connected shader compiler UnityShaderCompiler after 0.02 seconds
Refreshing native plugins compatible for Editor in 0.23 ms, found 1 plugins.
Preloading 0 native plugins for Editor in 0.00 ms.
Unloading 1356 Unused Serialized files (Serialized files now loaded: 0)
System memory in use before: 118.9 MB.
System memory in use after: 119.0 MB.

Unloading 11 unused Assets to reduce memory usage. Loaded Objects now: 1800.
Total: 1.206416 ms (FindLiveObjects: 0.114708 ms CreateObjectMapping: 0.027959 ms MarkObjects: 1.000541 ms  DeleteObjects: 0.062417 ms)

========================================================================
Received Import Request.
  path: Assets/@Project/@README
  artifactKey: Guid(57c7eaa1d1d784ee1bc3eca035f62962) Importer(815301076,1909f56bfc062723c751e8b465ee728b)
Start importing Assets/@Project/@README using Guid(57c7eaa1d1d784ee1bc3eca035f62962) Importer(815301076,1909f56bfc062723c751e8b465ee728b)  -> (artifact id: '4bc2172e0d10f23b581d74f1231cc14a') in 0.005799 seconds
  Import took 0.007625 seconds .

========================================================================
Received Import Request.
  Time since last request: 9.894417 seconds.
  path: Assets/@Project/Nomal
  artifactKey: Guid(12ec08d5766f34042b3c20bfb539b2de) Importer(815301076,1909f56bfc062723c751e8b465ee728b)
Start importing Assets/@Project/Nomal using Guid(12ec08d5766f34042b3c20bfb539b2de) Importer(815301076,1909f56bfc062723c751e8b465ee728b)  -> (artifact id: '1242e154b3d06eeecb96511c03ac1498') in 0.001448 seconds
  Import took 0.003238 seconds .

========================================================================
Received Import Request.
  Time since last request: 30.824829 seconds.
  path: Assets/@Project/Refactoring
  artifactKey: Guid(12ec08d5766f34042b3c20bfb539b2de) Importer(815301076,1909f56bfc062723c751e8b465ee728b)
Start importing Assets/@Project/Refactoring using Guid(12ec08d5766f34042b3c20bfb539b2de) Importer(815301076,1909f56bfc062723c751e8b465ee728b)  -> (artifact id: '68e0ed2180bdf80bd7f4f5271d646f71') in 0.000984 seconds
  Import took 0.003255 seconds .

========================================================================
Received Import Request.
  Time since last request: 6.377533 seconds.
  path: Assets/@Project/RefactoringCode
  artifactKey: Guid(12ec08d5766f34042b3c20bfb539b2de) Importer(815301076,1909f56bfc062723c751e8b465ee728b)
Start importing Assets/@Project/RefactoringCode using Guid(12ec08d5766f34042b3c20bfb539b2de) Importer(815301076,1909f56bfc062723c751e8b465ee728b)  -> (artifact id: 'de6166c58a77aff2d22e912e8a1b3054') in 0.000981 seconds
  Import took 0.002973 seconds .

========================================================================
Received Import Request.
  Time since last request: 3.908096 seconds.
  path: Assets/@Project
  artifactKey: Guid(0e991f7ad51704e0bb0f4177c3ad9fdf) Importer(815301076,1909f56bfc062723c751e8b465ee728b)
Start importing Assets/@Project using Guid(0e991f7ad51704e0bb0f4177c3ad9fdf) Importer(815301076,1909f56bfc062723c751e8b465ee728b)  -> (artifact id: '5113ce5d17a454e83d8afdea13d721f8') in 0.001061 seconds
  Import took 0.003595 seconds .

========================================================================
Received Import Request.
  Time since last request: 35.066468 seconds.
  path: Assets/@Project/ExercisedCode
  artifactKey: Guid(5748d67990a574e25ab1d7870a2a279b) Importer(815301076,1909f56bfc062723c751e8b465ee728b)
Start importing Assets/@Project/ExercisedCode using Guid(5748d67990a574e25ab1d7870a2a279b) Importer(815301076,1909f56bfc062723c751e8b465ee728b)  -> (artifact id: '17e3b7cef4376bd862a493223eb39c9e') in 0.001205 seconds
  Import took 0.003248 seconds .

========================================================================
Received Import Request.
  Time since last request: 33.361429 seconds.
  path: Assets/@Project/ExercisedCode/ExercisedCodeScene.unity
  artifactKey: Guid(f6e60fe4a450c4278a9824b475889ed9) Importer(815301076,1909f56bfc062723c751e8b465ee728b)
Start importing Assets/@Project/ExercisedCode/ExercisedCodeScene.unity using Guid(f6e60fe4a450c4278a9824b475889ed9) Importer(815301076,1909f56bfc062723c751e8b465ee728b)  -> (artifact id: '1348c06ad8293fec837dc353bf7661ac') in 0.011351 seconds
  Import took 0.013330 seconds .

========================================================================
Received Import Request.
  Time since last request: 22.489132 seconds.
  path: Assets/@Project/RefactoringCode/RefactoringCodeScene.unity
  artifactKey: Guid(0e1150a8eaf91416c8631e9db4934462) Importer(815301076,1909f56bfc062723c751e8b465ee728b)
Start importing Assets/@Project/RefactoringCode/RefactoringCodeScene.unity using Guid(0e1150a8eaf91416c8631e9db4934462) Importer(815301076,1909f56bfc062723c751e8b465ee728b)  -> (artifact id: '1bf620829e2fa984bab18b37f05961f8') in 0.001996 seconds
  Import took 0.004034 seconds .

========================================================================
Received Import Request.
  Time since last request: 7.703208 seconds.
  path: Assets/Preset
  artifactKey: Guid(95b97d88a38f24f05a0692ed9b718be6) Importer(815301076,1909f56bfc062723c751e8b465ee728b)
Start importing Assets/Preset using Guid(95b97d88a38f24f05a0692ed9b718be6) Importer(815301076,1909f56bfc062723c751e8b465ee728b)  -> (artifact id: 'bd96391ba2959dfe6f6f2c5d2873599e') in 0.001293 seconds
  Import took 0.003423 seconds .

========================================================================
Received Import Request.
  Time since last request: 54.176808 seconds.
  path: Assets/@Project/RefactoringCode/Drink
  artifactKey: Guid(80425cda29fa74750aff85f34afa3dea) Importer(815301076,1909f56bfc062723c751e8b465ee728b)
Start importing Assets/@Project/RefactoringCode/Drink using Guid(80425cda29fa74750aff85f34afa3dea) Importer(815301076,1909f56bfc062723c751e8b465ee728b)  -> (artifact id: '13abd585d0fb813b6bc172fcae95982e') in 0.001189 seconds
  Import took 0.003300 seconds .

========================================================================
Received Import Request.
  Time since last request: 12.890772 seconds.
  path: Assets/@Project/RefactoringCode/Drink/RDrink.cs
  artifactKey: Guid(ea8327141989f49c4af1d1478d5427e7) Importer(815301076,1909f56bfc062723c751e8b465ee728b)
Start importing Assets/@Project/RefactoringCode/Drink/RDrink.cs using Guid(ea8327141989f49c4af1d1478d5427e7) Importer(815301076,1909f56bfc062723c751e8b465ee728b)  -> (artifact id: '806f5097f72e77cb3807709e342dee89') in 0.192243 seconds
  Import took 0.194114 seconds .

========================================================================
Received Prepare
Registering precompiled user dll's ...
Registered in 0.000513 seconds.
Begin MonoManager ReloadAssembly
Native extension for OSXStandalone target not found
Refreshing native plugins compatible for Editor in 0.24 ms, found 1 plugins.
Preloading 0 native plugins for Editor in 0.00 ms.
Mono: successfully reloaded assembly
- Completed reload, in  1.893 seconds
Platform modules already initialized, skipping
Refreshing native plugins compatible for Editor in 0.24 ms, found 1 plugins.
Preloading 0 native plugins for Editor in 0.00 ms.
Unloading 1352 Unused Serialized files (Serialized files now loaded: 0)
System memory in use before: 123.5 MB.
System memory in use after: 123.6 MB.

Unloading 6 unused Assets to reduce memory usage. Loaded Objects now: 1804.
Total: 1.294833 ms (FindLiveObjects: 0.163750 ms CreateObjectMapping: 0.028917 ms MarkObjects: 1.082083 ms  DeleteObjects: 0.018833 ms)

========================================================================
Received Prepare
Registering precompiled user dll's ...
Registered in 0.000527 seconds.
Begin MonoManager ReloadAssembly
Native extension for OSXStandalone target not found
Refreshing native plugins compatible for Editor in 0.22 ms, found 1 plugins.
Preloading 0 native plugins for Editor in 0.00 ms.
Mono: successfully reloaded assembly
- Completed reload, in  1.725 seconds
Platform modules already initialized, skipping
Refreshing native plugins compatible for Editor in 0.22 ms, found 1 plugins.
Preloading 0 native plugins for Editor in 0.00 ms.
Unloading 1352 Unused Serialized files (Serialized files now loaded: 0)
System memory in use before: 123.7 MB.
System memory in use after: 123.8 MB.

Unloading 6 unused Assets to reduce memory usage. Loaded Objects now: 1807.
Total: 1.194667 ms (FindLiveObjects: 0.145791 ms CreateObjectMapping: 0.028542 ms MarkObjects: 1.004667 ms  DeleteObjects: 0.014708 ms)

========================================================================
Received Prepare
Registering precompiled user dll's ...
Registered in 0.000555 seconds.
Begin MonoManager ReloadAssembly
Native extension for OSXStandalone target not found
Refreshing native plugins compatible for Editor in 0.21 ms, found 1 plugins.
Preloading 0 native plugins for Editor in 0.00 ms.
Mono: successfully reloaded assembly
- Completed reload, in  1.591 seconds
Platform modules already initialized, skipping
Refreshing native plugins compatible for Editor in 0.13 ms, found 1 plugins.
Preloading 0 native plugins for Editor in 0.00 ms.
Unloading 1352 Unused Serialized files (Serialized files now loaded: 0)
System memory in use before: 123.9 MB.
System memory in use after: 124.0 MB.

Unloading 6 unused Assets to reduce memory usage. Loaded Objects now: 1810.
Total: 1.133250 ms (FindLiveObjects: 0.108000 ms CreateObjectMapping: 0.028291 ms MarkObjects: 0.977708 ms  DeleteObjects: 0.018334 ms)

========================================================================
Received Prepare
Registering precompiled user dll's ...
Registered in 0.000428 seconds.
Begin MonoManager ReloadAssembly
Native extension for OSXStandalone target not found
Refreshing native plugins compatible for Editor in 0.21 ms, found 1 plugins.
Preloading 0 native plugins for Editor in 0.00 ms.
Mono: successfully reloaded assembly
- Completed reload, in  1.611 seconds
Platform modules already initialized, skipping
Refreshing native plugins compatible for Editor in 0.19 ms, found 1 plugins.
Preloading 0 native plugins for Editor in 0.00 ms.
Unloading 1352 Unused Serialized files (Serialized files now loaded: 0)
System memory in use before: 124.0 MB.
System memory in use after: 124.1 MB.

Unloading 6 unused Assets to reduce memory usage. Loaded Objects now: 1813.
Total: 1.159208 ms (FindLiveObjects: 0.110917 ms CreateObjectMapping: 0.028625 ms MarkObjects: 1.004166 ms  DeleteObjects: 0.014625 ms)

========================================================================
Received Prepare
Registering precompiled user dll's ...
Registered in 0.000473 seconds.
Begin MonoManager ReloadAssembly
Native extension for OSXStandalone target not found
Refreshing native plugins compatible for Editor in 0.21 ms, found 1 plugins.
Preloading 0 native plugins for Editor in 0.00 ms.
Mono: successfully reloaded assembly
- Completed reload, in  1.627 seconds
Platform modules already initialized, skipping
Refreshing native plugins compatible for Editor in 0.18 ms, found 1 plugins.
Preloading 0 native plugins for Editor in 0.00 ms.
Unloading 1353 Unused Serialized files (Serialized files now loaded: 0)
System memory in use before: 124.3 MB.
System memory in use after: 124.4 MB.

Unloading 6 unused Assets to reduce memory usage. Loaded Objects now: 1817.
Total: 1.149459 ms (FindLiveObjects: 0.129250 ms CreateObjectMapping: 0.028708 ms MarkObjects: 0.973625 ms  DeleteObjects: 0.016917 ms)

========================================================================
Received Prepare
Registering precompiled user dll's ...
Registered in 0.001133 seconds.
Begin MonoManager ReloadAssembly
Native extension for OSXStandalone target not found
Refreshing native plugins compatible for Editor in 0.21 ms, found 1 plugins.
Preloading 0 native plugins for Editor in 0.00 ms.
Mono: successfully reloaded assembly
- Completed reload, in  1.610 seconds
Platform modules already initialized, skipping
Refreshing native plugins compatible for Editor in 0.16 ms, found 1 plugins.
Preloading 0 native plugins for Editor in 0.00 ms.
Unloading 1353 Unused Serialized files (Serialized files now loaded: 0)
System memory in use before: 124.4 MB.
System memory in use after: 124.5 MB.

Unloading 6 unused Assets to reduce memory usage. Loaded Objects now: 1820.
Total: 1.067625 ms (FindLiveObjects: 0.096834 ms CreateObjectMapping: 0.026833 ms MarkObjects: 0.930708 ms  DeleteObjects: 0.012625 ms)

========================================================================
Received Prepare
Registering precompiled user dll's ...
Registered in 0.000475 seconds.
Begin MonoManager ReloadAssembly
Native extension for OSXStandalone target not found
Refreshing native plugins compatible for Editor in 0.21 ms, found 1 plugins.
Preloading 0 native plugins for Editor in 0.00 ms.
Mono: successfully reloaded assembly
- Completed reload, in  1.585 seconds
Platform modules already initialized, skipping
Refreshing native plugins compatible for Editor in 0.14 ms, found 1 plugins.
Preloading 0 native plugins for Editor in 0.00 ms.
Unloading 1353 Unused Serialized files (Serialized files now loaded: 0)
System memory in use before: 124.6 MB.
System memory in use after: 124.7 MB.

Unloading 6 unused Assets to reduce memory usage. Loaded Objects now: 1823.
Total: 1.130708 ms (FindLiveObjects: 0.097125 ms CreateObjectMapping: 0.028750 ms MarkObjects: 0.989084 ms  DeleteObjects: 0.015208 ms)

========================================================================
Received Import Request.
  Time since last request: 611.102172 seconds.
  path: Assets/Preset/creamColor.preset
  artifactKey: Guid(8e7dad0a566994585a6a309f8039dc99) Importer(815301076,1909f56bfc062723c751e8b465ee728b)
Start importing Assets/Preset/creamColor.preset using Guid(8e7dad0a566994585a6a309f8039dc99) Importer(815301076,1909f56bfc062723c751e8b465ee728b)  -> (artifact id: '5e6848485ff4605a1aed196b43904047') in 0.605313 seconds
  Import took 0.607452 seconds .

========================================================================
Received Import Request.
  Time since last request: 364.378831 seconds.
  path: Assets/ExternalAssets/Sprite
  artifactKey: Guid(fa1b46336e8354136a0f0710cb9ef305) Importer(815301076,1909f56bfc062723c751e8b465ee728b)
Start importing Assets/ExternalAssets/Sprite using Guid(fa1b46336e8354136a0f0710cb9ef305) Importer(815301076,1909f56bfc062723c751e8b465ee728b)  -> (artifact id: '6f93f390849d56ad981b5b68abca0f9a') in 0.001522 seconds
  Import took 0.004504 seconds .

========================================================================
Received Import Request.
  Time since last request: 2.556125 seconds.
  path: Assets/ExternalAssets/Sprites
  artifactKey: Guid(fa1b46336e8354136a0f0710cb9ef305) Importer(815301076,1909f56bfc062723c751e8b465ee728b)
Start importing Assets/ExternalAssets/Sprites using Guid(fa1b46336e8354136a0f0710cb9ef305) Importer(815301076,1909f56bfc062723c751e8b465ee728b)  -> (artifact id: '4e4ab8dbe86841a95f861aba13bd306f') in 0.001177 seconds
  Import took 0.003364 seconds .

========================================================================
Received Import Request.
  Time since last request: 36.070361 seconds.
  path: Assets/ExternalAssets/Sprites/cora.png
  artifactKey: Guid(a69a678d2463a4cc68a4798c93e8c441) Importer(815301076,1909f56bfc062723c751e8b465ee728b)
Start importing Assets/ExternalAssets/Sprites/cora.png using Guid(a69a678d2463a4cc68a4798c93e8c441) Importer(815301076,1909f56bfc062723c751e8b465ee728b)  -> (artifact id: 'b640b1b7bb22b2656e227381b72c6198') in 0.472335 seconds
  Import took 0.474161 seconds .

========================================================================
Received Import Request.
  Time since last request: 0.000220 seconds.
  path: Assets/ExternalAssets/Sprites/tea.png
  artifactKey: Guid(8108e8691779e4db0ae10c706d8248cb) Importer(815301076,1909f56bfc062723c751e8b465ee728b)
Start importing Assets/ExternalAssets/Sprites/tea.png using Guid(8108e8691779e4db0ae10c706d8248cb) Importer(815301076,1909f56bfc062723c751e8b465ee728b)  -> (artifact id: '32cca2b12f5d2d8dacbd2c432c8c13c0') in 0.008041 seconds
  Import took 0.009510 seconds .

========================================================================
Received Import Request.
  Time since last request: 0.000184 seconds.
  path: Assets/ExternalAssets/Sprites/d.png
  artifactKey: Guid(e13e5ee69a52c465baed3cf234bec1d1) Importer(815301076,1909f56bfc062723c751e8b465ee728b)
Start importing Assets/ExternalAssets/Sprites/d.png using Guid(e13e5ee69a52c465baed3cf234bec1d1) Importer(815301076,1909f56bfc062723c751e8b465ee728b)  -> (artifact id: '1ee479bb6612cac6b133ec08bf4cabfa') in 0.005111 seconds
  Import took 0.006938 seconds .

========================================================================
Received Import Request.
  Time since last request: 0.000582 seconds.
  path: Assets/ExternalAssets/Sprites/yen100.png
  artifactKey: Guid(5dd9bfe8014434e1e9a943a26ba60208) Importer(815301076,1909f56bfc062723c751e8b465ee728b)
Start importing Assets/ExternalAssets/Sprites/yen100.png using Guid(5dd9bfe8014434e1e9a943a26ba60208) Importer(815301076,1909f56bfc062723c751e8b465ee728b)  -> (artifact id: 'c05c207f63b4ce0e589747a4ccbc8524') in 0.005705 seconds
  Import took 0.007195 seconds .

========================================================================
Received Import Request.
  Time since last request: 0.000193 seconds.
  path: Assets/ExternalAssets/Sprites/yen500.png
  artifactKey: Guid(610ed34433a9d4cdeb86d7cb7d262d52) Importer(815301076,1909f56bfc062723c751e8b465ee728b)
Start importing Assets/ExternalAssets/Sprites/yen500.png using Guid(610ed34433a9d4cdeb86d7cb7d262d52) Importer(815301076,1909f56bfc062723c751e8b465ee728b)  -> (artifact id: '3a6a88eb7c282223dc1d296289099f90') in 0.006134 seconds
  Import took 0.007707 seconds .

========================================================================
Received Import Request.
  Time since last request: 0.000180 seconds.
  path: Assets/ExternalAssets/Sprites/cora_zero.png
  artifactKey: Guid(fd6976d1b17254525b3820676e9b5814) Importer(815301076,1909f56bfc062723c751e8b465ee728b)
Start importing Assets/ExternalAssets/Sprites/cora_zero.png using Guid(fd6976d1b17254525b3820676e9b5814) Importer(815301076,1909f56bfc062723c751e8b465ee728b)  -> (artifact id: 'd044351127f66cc5b0cf904507f6dce7') in 0.005606 seconds
  Import took 0.007352 seconds .

========================================================================
Received Import Request.
  Time since last request: 13.280118 seconds.
  path: Assets/ExternalAssets/Sprites/cora.png
  artifactKey: Guid(a69a678d2463a4cc68a4798c93e8c441) Importer(815301076,1909f56bfc062723c751e8b465ee728b)
Start importing Assets/ExternalAssets/Sprites/cora.png using Guid(a69a678d2463a4cc68a4798c93e8c441) Importer(815301076,1909f56bfc062723c751e8b465ee728b)  -> (artifact id: '806b0bbe844a277ebfb2557207e1268c') in 0.071141 seconds
  Import took 0.073009 seconds .

========================================================================
Received Import Request.
  Time since last request: 0.000205 seconds.
  path: Assets/ExternalAssets/Sprites/tea.png
  artifactKey: Guid(8108e8691779e4db0ae10c706d8248cb) Importer(815301076,1909f56bfc062723c751e8b465ee728b)
Start importing Assets/ExternalAssets/Sprites/tea.png using Guid(8108e8691779e4db0ae10c706d8248cb) Importer(815301076,1909f56bfc062723c751e8b465ee728b)  -> (artifact id: '776abcd3d44369bb0617ac9a7a6e3e1f') in 0.011969 seconds
  Import took 0.013677 seconds .

========================================================================
Received Import Request.
  Time since last request: 0.000259 seconds.
  path: Assets/ExternalAssets/Sprites/d.png
  artifactKey: Guid(e13e5ee69a52c465baed3cf234bec1d1) Importer(815301076,1909f56bfc062723c751e8b465ee728b)
Start importing Assets/ExternalAssets/Sprites/d.png using Guid(e13e5ee69a52c465baed3cf234bec1d1) Importer(815301076,1909f56bfc062723c751e8b465ee728b)  -> (artifact id: 'dc5e2f560a79aa44e80afdfd539451ff') in 0.009986 seconds
  Import took 0.011724 seconds .

========================================================================
Received Import Request.
  Time since last request: 0.000252 seconds.
  path: Assets/ExternalAssets/Sprites/yen100.png
  artifactKey: Guid(5dd9bfe8014434e1e9a943a26ba60208) Importer(815301076,1909f56bfc062723c751e8b465ee728b)
Start importing Assets/ExternalAssets/Sprites/yen100.png using Guid(5dd9bfe8014434e1e9a943a26ba60208) Importer(815301076,1909f56bfc062723c751e8b465ee728b)  -> (artifact id: '94afb2445b1cb022873de586f890f1ad') in 0.010826 seconds
  Import took 0.012529 seconds .

========================================================================
Received Import Request.
  Time since last request: 0.000204 seconds.
  path: Assets/ExternalAssets/Sprites/yen500.png
  artifactKey: Guid(610ed34433a9d4cdeb86d7cb7d262d52) Importer(815301076,1909f56bfc062723c751e8b465ee728b)
Start importing Assets/ExternalAssets/Sprites/yen500.png using Guid(610ed34433a9d4cdeb86d7cb7d262d52) Importer(815301076,1909f56bfc062723c751e8b465ee728b)  -> (artifact id: '0f6cb5b57ccf9ae7c41e8525340daa5a') in 0.010040 seconds
  Import took 0.011762 seconds .

========================================================================
Received Import Request.
  Time since last request: 0.000217 seconds.
  path: Assets/ExternalAssets/Sprites/cora_zero.png
  artifactKey: Guid(fd6976d1b17254525b3820676e9b5814) Importer(815301076,1909f56bfc062723c751e8b465ee728b)
Start importing Assets/ExternalAssets/Sprites/cora_zero.png using Guid(fd6976d1b17254525b3820676e9b5814) Importer(815301076,1909f56bfc062723c751e8b465ee728b)  -> (artifact id: '38e76ae9024e7685c48e58368f8f4b35') in 0.008335 seconds
  Import took 0.010015 seconds .

========================================================================
Received Import Request.
  Time since last request: 173.106016 seconds.
  path: Assets/Preset/DefaultCanvas.preset
  artifactKey: Guid(7e2968ff10d9f4fda91b54b5f8862b4e) Importer(815301076,1909f56bfc062723c751e8b465ee728b)
Start importing Assets/Preset/DefaultCanvas.preset using Guid(7e2968ff10d9f4fda91b54b5f8862b4e) Importer(815301076,1909f56bfc062723c751e8b465ee728b)  -> (artifact id: 'feaa69c36335bf37ba8878c564d58299') in 0.010234 seconds
  Import took 0.014056 seconds .

========================================================================
Received Import Request.
  Time since last request: 6.954600 seconds.
  path: Assets/ExternalAssets/Sprites/VendingMachine.png
  artifactKey: Guid(e13e5ee69a52c465baed3cf234bec1d1) Importer(815301076,1909f56bfc062723c751e8b465ee728b)
Start importing Assets/ExternalAssets/Sprites/VendingMachine.png using Guid(e13e5ee69a52c465baed3cf234bec1d1) Importer(815301076,1909f56bfc062723c751e8b465ee728b)  -> (artifact id: '078d5b81dd9908821fd1260c93b23d97') in 0.013089 seconds
  Import took 0.015173 seconds .

========================================================================
Received Import Request.
  Time since last request: 499.210441 seconds.
  path: Assets/Preset/Text.preset
  artifactKey: Guid(da528c59951e34d799cf64bdf07fb5c0) Importer(815301076,1909f56bfc062723c751e8b465ee728b)
Start importing Assets/Preset/Text.preset using Guid(da528c59951e34d799cf64bdf07fb5c0) Importer(815301076,1909f56bfc062723c751e8b465ee728b)  -> (artifact id: '4aeeb1469eb3dbd5df30c4c6df489f94') in 0.010232 seconds
  Import took 0.012342 seconds .

========================================================================
Received Import Request.
  Time since last request: 0.029692 seconds.
  path: Assets/Preset/Text.preset
  artifactKey: Guid(da528c59951e34d799cf64bdf07fb5c0) Importer(815301076,1909f56bfc062723c751e8b465ee728b)
Start importing Assets/Preset/Text.preset using Guid(da528c59951e34d799cf64bdf07fb5c0) Importer(815301076,1909f56bfc062723c751e8b465ee728b)  -> (artifact id: '4aeeb1469eb3dbd5df30c4c6df489f94') in 0.002606 seconds
  Import took 0.004665 seconds .

========================================================================
Received Prepare
Registering precompiled user dll's ...
Registered in 0.000613 seconds.
Begin MonoManager ReloadAssembly
Native extension for OSXStandalone target not found
Refreshing native plugins compatible for Editor in 0.20 ms, found 1 plugins.
Preloading 0 native plugins for Editor in 0.00 ms.
Mono: successfully reloaded assembly
- Completed reload, in  1.515 seconds
Platform modules already initialized, skipping
Refreshing native plugins compatible for Editor in 0.13 ms, found 1 plugins.
Preloading 0 native plugins for Editor in 0.00 ms.
Unloading 1353 Unused Serialized files (Serialized files now loaded: 0)
System memory in use before: 137.3 MB.
System memory in use after: 137.5 MB.

Unloading 7 unused Assets to reduce memory usage. Loaded Objects now: 1843.
Total: 1.086500 ms (FindLiveObjects: 0.113000 ms CreateObjectMapping: 0.027334 ms MarkObjects: 0.926875 ms  DeleteObjects: 0.018333 ms)

========================================================================
Received Import Request.
  Time since last request: 604.665791 seconds.
  path: Assets/@Project/RefactoringCode/RefactoringCodeScene.unity
  artifactKey: Guid(0e1150a8eaf91416c8631e9db4934462) Importer(815301076,1909f56bfc062723c751e8b465ee728b)
Start importing Assets/@Project/RefactoringCode/RefactoringCodeScene.unity using Guid(0e1150a8eaf91416c8631e9db4934462) Importer(815301076,1909f56bfc062723c751e8b465ee728b)  -> (artifact id: '2944cc110c143747babe70f790915999') in 0.016972 seconds
  Import took 0.019246 seconds .

========================================================================
Received Import Request.
  Time since last request: 1.367598 seconds.
  path: Assets/@Project/RefactoringCode/RefactoringCodeScene 1.unity
  artifactKey: Guid(858584cfc4a6d41058a1852d060276aa) Importer(815301076,1909f56bfc062723c751e8b465ee728b)
Start importing Assets/@Project/RefactoringCode/RefactoringCodeScene 1.unity using Guid(858584cfc4a6d41058a1852d060276aa) Importer(815301076,1909f56bfc062723c751e8b465ee728b)  -> (artifact id: 'ee6fabd5f0e7fe19f2057eed36e4b303') in 0.002006 seconds
  Import took 0.004545 seconds .

========================================================================
Received Import Request.
  Time since last request: 11.477296 seconds.
  path: Assets/@Project/ExercisedCode/ExercisedCodeScene.unity
  artifactKey: Guid(858584cfc4a6d41058a1852d060276aa) Importer(815301076,1909f56bfc062723c751e8b465ee728b)
Start importing Assets/@Project/ExercisedCode/ExercisedCodeScene.unity using Guid(858584cfc4a6d41058a1852d060276aa) Importer(815301076,1909f56bfc062723c751e8b465ee728b)  -> (artifact id: '3ccee7ee2e286a179f4e360ff4a139a8') in 0.001445 seconds
  Import took 0.004208 seconds .

========================================================================
Received Import Request.
  Time since last request: 8.689729 seconds.
  path: Assets/@Project/RefactoringCode/RefactoringCodeScene 1.unity
  artifactKey: Guid(f1deb370032434b3c960f9c997d3f10f) Importer(815301076,1909f56bfc062723c751e8b465ee728b)
Start importing Assets/@Project/RefactoringCode/RefactoringCodeScene 1.unity using Guid(f1deb370032434b3c960f9c997d3f10f) Importer(815301076,1909f56bfc062723c751e8b465ee728b)  -> (artifact id: '75e7773da118b59b88a1007f0e47c36d') in 0.001731 seconds
  Import took 0.004294 seconds .

========================================================================
Received Import Request.
  Time since last request: 7.011716 seconds.
  path: Assets/@Project/RefactoringCode/ExercisedCodeScene.unity
  artifactKey: Guid(f1deb370032434b3c960f9c997d3f10f) Importer(815301076,1909f56bfc062723c751e8b465ee728b)
Start importing Assets/@Project/RefactoringCode/ExercisedCodeScene.unity using Guid(f1deb370032434b3c960f9c997d3f10f) Importer(815301076,1909f56bfc062723c751e8b465ee728b)  -> (artifact id: 'b1ef0da18810ef862c5c49219342dc01') in 0.001681 seconds
  Import took 0.005122 seconds .

========================================================================
Received Import Request.
  Time since last request: 33.751802 seconds.
  path: Assets/@Project/RefactoringCode/RefactoringCodeScene 1.unity
  artifactKey: Guid(4ffcb2f3b7c9447d8bf3cdacb3c5ffd2) Importer(815301076,1909f56bfc062723c751e8b465ee728b)
Start importing Assets/@Project/RefactoringCode/RefactoringCodeScene 1.unity using Guid(4ffcb2f3b7c9447d8bf3cdacb3c5ffd2) Importer(815301076,1909f56bfc062723c751e8b465ee728b)  -> (artifact id: 'bac21a216475475c193d8c09266ef085') in 0.001634 seconds
  Import took 0.004222 seconds .

========================================================================
Received Import Request.
  Time since last request: 3.759100 seconds.
  path: Assets/@Project/RefactoringCode/ExercisedCodeScene.unity
  artifactKey: Guid(4ffcb2f3b7c9447d8bf3cdacb3c5ffd2) Importer(815301076,1909f56bfc062723c751e8b465ee728b)
Start importing Assets/@Project/RefactoringCode/ExercisedCodeScene.unity using Guid(4ffcb2f3b7c9447d8bf3cdacb3c5ffd2) Importer(815301076,1909f56bfc062723c751e8b465ee728b)  -> (artifact id: '9e252ad2ed5ede858b1958c1651e3dc2') in 0.001651 seconds
  Import took 0.004475 seconds .

